/var/spool/slurm/spool/job182035/slurm_script: line 17: ulimit: open files: cannot modify limit: Operation not permitted
0: gpu032.ihep.ac.cn
1: gpu032.ihep.ac.cn
GPU 0: Tesla V100-SXM2-32GB (UUID: GPU-6271dfb4-914e-f4c6-224f-0f978b716d95)
Allocate GPU cards : 0
Wed Dec 20 16:53:35 2023       
+-----------------------------------------------------------------------------+
| NVIDIA-SMI 515.65.01    Driver Version: 515.65.01    CUDA Version: 11.7     |
|-------------------------------+----------------------+----------------------+
| GPU  Name        Persistence-M| Bus-Id        Disp.A | Volatile Uncorr. ECC |
| Fan  Temp  Perf  Pwr:Usage/Cap|         Memory-Usage | GPU-Util  Compute M. |
|                               |                      |               MIG M. |
|===============================+======================+======================|
|   0  Tesla V100-SXM2...  On   | 00000000:8A:00.0 Off |                    0 |
| N/A   37C    P0    43W / 300W |      0MiB / 32768MiB |      0%      Default |
|                               |                      |                  N/A |
+-------------------------------+----------------------+----------------------+
                                                                               
+-----------------------------------------------------------------------------+
| Processes:                                                                  |
|  GPU   GI   CI        PID   Type   Process name                  GPU Memory |
|        ID   ID                                                   Usage      |
|=============================================================================|
|  No running processes found                                                 |
+-----------------------------------------------------------------------------+
/hpcfs/cepc/higgsgpu/wuzuofei/miniconda3/envs/weaver/bin/python
slurmstepd: error: *** JOB 182035 ON gpu032 CANCELLED AT 2023-12-20T16:53:42 ***
